 Processing the case located in /bigtmp/boloti/1700P
 Number of points per step =        19195
 Processing run #           1
 Anticipated number of bct.dat files:           28
 Processing the run number:            1
 File            1  range is timesteps:            1         252
 File            2  range is timesteps:          249         502
 File            3  range is timesteps:          497         750
 File            4  range is timesteps:          745         998
 File            5  range is timesteps:          993        1246
 File            6  range is timesteps:         1241        1494
 File            7  range is timesteps:         1489        1742
 File            8  range is timesteps:         1737        1990
 File            9  range is timesteps:         1985        2238
 File           10  range is timesteps:         2233        2486
 File           11  range is timesteps:         2481        2734
 File           12  range is timesteps:         2729        2982
 File           13  range is timesteps:         2977        3230
 File           14  range is timesteps:         3225        3478
 File           15  range is timesteps:         3473        3726
 File           16  range is timesteps:         3721        3974
 File           17  range is timesteps:         3969        4222
 File           18  range is timesteps:         4217        4470
 File           19  range is timesteps:         4465        4718
 File           20  range is timesteps:         4713        4966
 File           21  range is timesteps:         4961        5214
 File           22  range is timesteps:         5209        5462
 File           23  range is timesteps:         5457        5710
 File           24  range is timesteps:         5705        5958
 File           25  range is timesteps:         5953        6206
 File           26  range is timesteps:         6201        6454
 File           27  range is timesteps:         6449        6702
 File           28  range is timesteps:         6697        6738
 Processing file #           1  of           28
 Processing file #           2  of           28
 Processing file #           3  of           28
 Processing file #           4  of           28
 Processing file #           5  of           28
 Processing file #           6  of           28
 Processing file #           7  of           28
 Processing file #           8  of           28
 Processing file #           9  of           28
 Processing file #          10  of           28
 Processing file #          11  of           28
 Processing file #          12  of           28
 Processing file #          13  of           28
 Processing file #          14  of           28
 Processing file #          15  of           28
 Processing file #          16  of           28
 Processing file #          17  of           28
 Processing file #          18  of           28
 Processing file #          19  of           28
 Processing file #          20  of           28
 Processing file #          21  of           28
 Processing file #          22  of           28
 Processing file #          23  of           28
 Processing file #          24  of           28
 Processing file #          25  of           28
 Processing file #          26  of           28
 Processing file #          27  of           28
 Processing file #          28  of           28
